The system is: Linux - 3.10.0-1160.95.1.el7.x86_64 - x86_64
Compiling the C compiler identification source file "CMakeCCompilerId.c" succeeded.
Compiler: /apps/gnu/8.4.0/bin/gcc 
Build flags: 
Id flags:  

The output was:
0


Compilation of the C compiler identification source "CMakeCCompilerId.c" produced "a.out"

The C compiler identification is GNU, found in "/tmp/tmp.0GfJfjeB28/cmake-build-debug-pitzer02/CMakeFiles/3.25.2/CompilerIdC/a.out"

Compiling the CXX compiler identification source file "CMakeCXXCompilerId.cpp" succeeded.
Compiler: /apps/gnu/8.4.0/bin/g++ 
Build flags: 
Id flags:  

The output was:
0


Compilation of the CXX compiler identification source "CMakeCXXCompilerId.cpp" produced "a.out"

The CXX compiler identification is GNU, found in "/tmp/tmp.0GfJfjeB28/cmake-build-debug-pitzer02/CMakeFiles/3.25.2/CompilerIdCXX/a.out"

Detecting C compiler ABI info compiled with the following output:
Change Dir: /tmp/tmp.0GfJfjeB28/cmake-build-debug-pitzer02/CMakeFiles/CMakeScratch/TryCompile-geg8AN

Run Build Command(s):/usr/bin/gmake -f Makefile cmTC_ba8b3/fast && /usr/bin/gmake  -f CMakeFiles/cmTC_ba8b3.dir/build.make CMakeFiles/cmTC_ba8b3.dir/build
gmake[1]: Entering directory `/tmp/tmp.0GfJfjeB28/cmake-build-debug-pitzer02/CMakeFiles/CMakeScratch/TryCompile-geg8AN'
Building C object CMakeFiles/cmTC_ba8b3.dir/CMakeCCompilerABI.c.o
/apps/gnu/8.4.0/bin/gcc   -fdiagnostics-color=always   -v -o CMakeFiles/cmTC_ba8b3.dir/CMakeCCompilerABI.c.o -c /apps/cmake/3.25.2/share/cmake-3.25/Modules/CMakeCCompilerABI.c
Using built-in specs.
COLLECT_GCC=/apps/gnu/8.4.0/bin/gcc
Target: x86_64-pc-linux-gnu
Configured with: /apps_src/gnu/8.4.0/src/configure --prefix=/apps/gnu/8.4.0
Thread model: posix
gcc version 8.4.0 (GCC) 
COLLECT_GCC_OPTIONS='-fdiagnostics-color=always' '-v' '-o' 'CMakeFiles/cmTC_ba8b3.dir/CMakeCCompilerABI.c.o' '-c' '-mtune=generic' '-march=x86-64'
 /apps/gnu/8.4.0/libexec/gcc/x86_64-pc-linux-gnu/8.4.0/cc1 -quiet -v /apps/cmake/3.25.2/share/cmake-3.25/Modules/CMakeCCompilerABI.c -quiet -dumpbase CMakeCCompilerABI.c -mtune=generic -march=x86-64 -auxbase-strip CMakeFiles/cmTC_ba8b3.dir/CMakeCCompilerABI.c.o -version -fdiagnostics-color=always -o /tmp/ccprxNHM.s
GNU C17 (GCC) version 8.4.0 (x86_64-pc-linux-gnu)
	compiled by GNU C version 8.4.0, GMP version 6.1.0, MPFR version 3.1.4, MPC version 1.0.3, isl version isl-0.18-GMP

GGC heuristics: --param ggc-min-expand=100 --param ggc-min-heapsize=131072
ignoring nonexistent directory "/apps/gnu/8.4.0/lib/gcc/x86_64-pc-linux-gnu/8.4.0/../../../../x86_64-pc-linux-gnu/include"
#include "..." search starts here:
#include <...> search starts here:
 /apps/cuda/11.8.0/include
 /opt/intel/19.0.5/compilers_and_libraries_2019/linux/mkl/include
 /opt/intel/19.0.5/compilers_and_libraries_2019/linux/tbb/include
 /apps/gnu/8.4.0/lib/gcc/x86_64-pc-linux-gnu/8.4.0/include
 /usr/local/include
 /apps/gnu/8.4.0/include
 /apps/gnu/8.4.0/lib/gcc/x86_64-pc-linux-gnu/8.4.0/include-fixed
 /usr/include
End of search list.
GNU C17 (GCC) version 8.4.0 (x86_64-pc-linux-gnu)
	compiled by GNU C version 8.4.0, GMP version 6.1.0, MPFR version 3.1.4, MPC version 1.0.3, isl version isl-0.18-GMP

GGC heuristics: --param ggc-min-expand=100 --param ggc-min-heapsize=131072
Compiler executable checksum: 94378fb2e87223a32624cf98f9cbb9bd
COLLECT_GCC_OPTIONS='-fdiagnostics-color=always' '-v' '-o' 'CMakeFiles/cmTC_ba8b3.dir/CMakeCCompilerABI.c.o' '-c' '-mtune=generic' '-march=x86-64'
 as -v --64 -o CMakeFiles/cmTC_ba8b3.dir/CMakeCCompilerABI.c.o /tmp/ccprxNHM.s
GNU assembler version 2.27 (x86_64-redhat-linux) using BFD version version 2.27-44.base.el7_9.1
COMPILER_PATH=/apps/xalt/xalt/bin/:/apps/gnu/8.4.0/libexec/gcc/x86_64-pc-linux-gnu/8.4.0/:/apps/gnu/8.4.0/libexec/gcc/x86_64-pc-linux-gnu/8.4.0/:/apps/gnu/8.4.0/libexec/gcc/x86_64-pc-linux-gnu/:/apps/gnu/8.4.0/lib/gcc/x86_64-pc-linux-gnu/8.4.0/:/apps/gnu/8.4.0/lib/gcc/x86_64-pc-linux-gnu/
LIBRARY_PATH=/apps/gnu/8.4.0/lib/gcc/x86_64-pc-linux-gnu/8.4.0/:/apps/gnu/8.4.0/lib/gcc/x86_64-pc-linux-gnu/8.4.0/../../../../lib64/:/lib/../lib64/:/usr/lib/../lib64/:/opt/intel/19.0.5/compilers_and_libraries_2019/linux/lib/intel64_lin/:/opt/intel/19.0.5/compilers_and_libraries_2019/linux/daal/lib/intel64_lin/:/opt/intel/19.0.5/compilers_and_libraries_2019/linux/ipp/lib/intel64_lin/:/opt/intel/19.0.5/compilers_and_libraries_2019/linux/mkl/lib/intel64_lin/:/opt/intel/19.0.5/compilers_and_libraries_2019/linux/tbb/lib/intel64_lin/gcc4.4/:/apps/cuda/11.8.0/lib64/:/apps/gnu/8.4.0/lib/gcc/x86_64-pc-linux-gnu/8.4.0/../../../:/lib/:/usr/lib/
COLLECT_GCC_OPTIONS='-fdiagnostics-color=always' '-v' '-o' 'CMakeFiles/cmTC_ba8b3.dir/CMakeCCompilerABI.c.o' '-c' '-mtune=generic' '-march=x86-64'
Linking C executable cmTC_ba8b3
/apps/cmake/3.25.2/bin/cmake -E cmake_link_script CMakeFiles/cmTC_ba8b3.dir/link.txt --verbose=1
/apps/gnu/8.4.0/bin/gcc  -v CMakeFiles/cmTC_ba8b3.dir/CMakeCCompilerABI.c.o -o cmTC_ba8b3 
Using built-in specs.
COLLECT_GCC=/apps/gnu/8.4.0/bin/gcc
COLLECT_LTO_WRAPPER=/apps/gnu/8.4.0/libexec/gcc/x86_64-pc-linux-gnu/8.4.0/lto-wrapper
Target: x86_64-pc-linux-gnu
Configured with: /apps_src/gnu/8.4.0/src/configure --prefix=/apps/gnu/8.4.0
Thread model: posix
gcc version 8.4.0 (GCC) 
COMPILER_PATH=/apps/xalt/xalt/bin/:/apps/gnu/8.4.0/libexec/gcc/x86_64-pc-linux-gnu/8.4.0/:/apps/gnu/8.4.0/libexec/gcc/x86_64-pc-linux-gnu/8.4.0/:/apps/gnu/8.4.0/libexec/gcc/x86_64-pc-linux-gnu/:/apps/gnu/8.4.0/lib/gcc/x86_64-pc-linux-gnu/8.4.0/:/apps/gnu/8.4.0/lib/gcc/x86_64-pc-linux-gnu/
LIBRARY_PATH=/apps/gnu/8.4.0/lib/gcc/x86_64-pc-linux-gnu/8.4.0/:/apps/gnu/8.4.0/lib/gcc/x86_64-pc-linux-gnu/8.4.0/../../../../lib64/:/lib/../lib64/:/usr/lib/../lib64/:/opt/intel/19.0.5/compilers_and_libraries_2019/linux/lib/intel64_lin/:/opt/intel/19.0.5/compilers_and_libraries_2019/linux/daal/lib/intel64_lin/:/opt/intel/19.0.5/compilers_and_libraries_2019/linux/ipp/lib/intel64_lin/:/opt/intel/19.0.5/compilers_and_libraries_2019/linux/mkl/lib/intel64_lin/:/opt/intel/19.0.5/compilers_and_libraries_2019/linux/tbb/lib/intel64_lin/gcc4.4/:/apps/cuda/11.8.0/lib64/:/apps/gnu/8.4.0/lib/gcc/x86_64-pc-linux-gnu/8.4.0/../../../:/lib/:/usr/lib/
COLLECT_GCC_OPTIONS='-v' '-o' 'cmTC_ba8b3' '-mtune=generic' '-march=x86-64'
 /apps/gnu/8.4.0/libexec/gcc/x86_64-pc-linux-gnu/8.4.0/collect2 -plugin /apps/gnu/8.4.0/libexec/gcc/x86_64-pc-linux-gnu/8.4.0/liblto_plugin.so -plugin-opt=/apps/gnu/8.4.0/libexec/gcc/x86_64-pc-linux-gnu/8.4.0/lto-wrapper -plugin-opt=-fresolution=/tmp/ccs2UYUQ.res -plugin-opt=-pass-through=-lgcc -plugin-opt=-pass-through=-lgcc_s -plugin-opt=-pass-through=-lc -plugin-opt=-pass-through=-lgcc -plugin-opt=-pass-through=-lgcc_s --eh-frame-hdr -m elf_x86_64 -dynamic-linker /lib64/ld-linux-x86-64.so.2 -o cmTC_ba8b3 /lib/../lib64/crt1.o /lib/../lib64/crti.o /apps/gnu/8.4.0/lib/gcc/x86_64-pc-linux-gnu/8.4.0/crtbegin.o -L/apps/gnu/8.4.0/lib/gcc/x86_64-pc-linux-gnu/8.4.0 -L/apps/gnu/8.4.0/lib/gcc/x86_64-pc-linux-gnu/8.4.0/../../../../lib64 -L/lib/../lib64 -L/usr/lib/../lib64 -L/opt/intel/19.0.5/compilers_and_libraries_2019/linux/lib/intel64_lin -L/opt/intel/19.0.5/compilers_and_libraries_2019/linux/daal/lib/intel64_lin -L/opt/intel/19.0.5/compilers_and_libraries_2019/linux/ipp/lib/intel64_lin -L/opt/intel/19.0.5/compilers_and_libraries_2019/linux/mkl/lib/intel64_lin -L/opt/intel/19.0.5/compilers_and_libraries_2019/linux/tbb/lib/intel64_lin/gcc4.4 -L/apps/cuda/11.8.0/lib64 -L/apps/gnu/8.4.0/lib/gcc/x86_64-pc-linux-gnu/8.4.0/../../.. CMakeFiles/cmTC_ba8b3.dir/CMakeCCompilerABI.c.o -lgcc --as-needed -lgcc_s --no-as-needed -lc -lgcc --as-needed -lgcc_s --no-as-needed /apps/gnu/8.4.0/lib/gcc/x86_64-pc-linux-gnu/8.4.0/crtend.o /lib/../lib64/crtn.o
COLLECT_GCC_OPTIONS='-v' '-o' 'cmTC_ba8b3' '-mtune=generic' '-march=x86-64'
gmake[1]: Leaving directory `/tmp/tmp.0GfJfjeB28/cmake-build-debug-pitzer02/CMakeFiles/CMakeScratch/TryCompile-geg8AN'



Parsed C implicit include dir info from above output: rv=done
  found start of include info
  found start of implicit include info
    add: [/apps/cuda/11.8.0/include]
    add: [/opt/intel/19.0.5/compilers_and_libraries_2019/linux/mkl/include]
    add: [/opt/intel/19.0.5/compilers_and_libraries_2019/linux/tbb/include]
    add: [/apps/gnu/8.4.0/lib/gcc/x86_64-pc-linux-gnu/8.4.0/include]
    add: [/usr/local/include]
    add: [/apps/gnu/8.4.0/include]
    add: [/apps/gnu/8.4.0/lib/gcc/x86_64-pc-linux-gnu/8.4.0/include-fixed]
    add: [/usr/include]
  end of search list found
  collapse include dir [/apps/cuda/11.8.0/include] ==> [/apps/cuda/11.8.0/include]
  collapse include dir [/opt/intel/19.0.5/compilers_and_libraries_2019/linux/mkl/include] ==> [/opt/intel/19.0.5/compilers_and_libraries_2019/linux/mkl/include]
  collapse include dir [/opt/intel/19.0.5/compilers_and_libraries_2019/linux/tbb/include] ==> [/opt/intel/19.0.5/compilers_and_libraries_2019/linux/tbb/include]
  collapse include dir [/apps/gnu/8.4.0/lib/gcc/x86_64-pc-linux-gnu/8.4.0/include] ==> [/apps/gnu/8.4.0/lib/gcc/x86_64-pc-linux-gnu/8.4.0/include]
  collapse include dir [/usr/local/include] ==> [/usr/local/include]
  collapse include dir [/apps/gnu/8.4.0/include] ==> [/apps/gnu/8.4.0/include]
  collapse include dir [/apps/gnu/8.4.0/lib/gcc/x86_64-pc-linux-gnu/8.4.0/include-fixed] ==> [/apps/gnu/8.4.0/lib/gcc/x86_64-pc-linux-gnu/8.4.0/include-fixed]
  collapse include dir [/usr/include] ==> [/usr/include]
  implicit include dirs: [/apps/cuda/11.8.0/include;/opt/intel/19.0.5/compilers_and_libraries_2019/linux/mkl/include;/opt/intel/19.0.5/compilers_and_libraries_2019/linux/tbb/include;/apps/gnu/8.4.0/lib/gcc/x86_64-pc-linux-gnu/8.4.0/include;/usr/local/include;/apps/gnu/8.4.0/include;/apps/gnu/8.4.0/lib/gcc/x86_64-pc-linux-gnu/8.4.0/include-fixed;/usr/include]


Parsed C implicit link information from above output:
  link line regex: [^( *|.*[/\])(ld|CMAKE_LINK_STARTFILE-NOTFOUND|([^/\]+-)?ld|collect2)[^/\]*( |$)]
  ignore line: [Change Dir: /tmp/tmp.0GfJfjeB28/cmake-build-debug-pitzer02/CMakeFiles/CMakeScratch/TryCompile-geg8AN]
  ignore line: []
  ignore line: [Run Build Command(s):/usr/bin/gmake -f Makefile cmTC_ba8b3/fast && /usr/bin/gmake  -f CMakeFiles/cmTC_ba8b3.dir/build.make CMakeFiles/cmTC_ba8b3.dir/build]
  ignore line: [gmake[1]: Entering directory `/tmp/tmp.0GfJfjeB28/cmake-build-debug-pitzer02/CMakeFiles/CMakeScratch/TryCompile-geg8AN']
  ignore line: [Building C object CMakeFiles/cmTC_ba8b3.dir/CMakeCCompilerABI.c.o]
  ignore line: [/apps/gnu/8.4.0/bin/gcc   -fdiagnostics-color=always   -v -o CMakeFiles/cmTC_ba8b3.dir/CMakeCCompilerABI.c.o -c /apps/cmake/3.25.2/share/cmake-3.25/Modules/CMakeCCompilerABI.c]
  ignore line: [Using built-in specs.]
  ignore line: [COLLECT_GCC=/apps/gnu/8.4.0/bin/gcc]
  ignore line: [Target: x86_64-pc-linux-gnu]
  ignore line: [Configured with: /apps_src/gnu/8.4.0/src/configure --prefix=/apps/gnu/8.4.0]
  ignore line: [Thread model: posix]
  ignore line: [gcc version 8.4.0 (GCC) ]
  ignore line: [COLLECT_GCC_OPTIONS='-fdiagnostics-color=always' '-v' '-o' 'CMakeFiles/cmTC_ba8b3.dir/CMakeCCompilerABI.c.o' '-c' '-mtune=generic' '-march=x86-64']
  ignore line: [ /apps/gnu/8.4.0/libexec/gcc/x86_64-pc-linux-gnu/8.4.0/cc1 -quiet -v /apps/cmake/3.25.2/share/cmake-3.25/Modules/CMakeCCompilerABI.c -quiet -dumpbase CMakeCCompilerABI.c -mtune=generic -march=x86-64 -auxbase-strip CMakeFiles/cmTC_ba8b3.dir/CMakeCCompilerABI.c.o -version -fdiagnostics-color=always -o /tmp/ccprxNHM.s]
  ignore line: [GNU C17 (GCC) version 8.4.0 (x86_64-pc-linux-gnu)]
  ignore line: [	compiled by GNU C version 8.4.0  GMP version 6.1.0  MPFR version 3.1.4  MPC version 1.0.3  isl version isl-0.18-GMP]
  ignore line: []
  ignore line: [GGC heuristics: --param ggc-min-expand=100 --param ggc-min-heapsize=131072]
  ignore line: [ignoring nonexistent directory "/apps/gnu/8.4.0/lib/gcc/x86_64-pc-linux-gnu/8.4.0/../../../../x86_64-pc-linux-gnu/include"]
  ignore line: [#include "..." search starts here:]
  ignore line: [#include <...> search starts here:]
  ignore line: [ /apps/cuda/11.8.0/include]
  ignore line: [ /opt/intel/19.0.5/compilers_and_libraries_2019/linux/mkl/include]
  ignore line: [ /opt/intel/19.0.5/compilers_and_libraries_2019/linux/tbb/include]
  ignore line: [ /apps/gnu/8.4.0/lib/gcc/x86_64-pc-linux-gnu/8.4.0/include]
  ignore line: [ /usr/local/include]
  ignore line: [ /apps/gnu/8.4.0/include]
  ignore line: [ /apps/gnu/8.4.0/lib/gcc/x86_64-pc-linux-gnu/8.4.0/include-fixed]
  ignore line: [ /usr/include]
  ignore line: [End of search list.]
  ignore line: [GNU C17 (GCC) version 8.4.0 (x86_64-pc-linux-gnu)]
  ignore line: [	compiled by GNU C version 8.4.0  GMP version 6.1.0  MPFR version 3.1.4  MPC version 1.0.3  isl version isl-0.18-GMP]
  ignore line: []
  ignore line: [GGC heuristics: --param ggc-min-expand=100 --param ggc-min-heapsize=131072]
  ignore line: [Compiler executable checksum: 94378fb2e87223a32624cf98f9cbb9bd]
  ignore line: [COLLECT_GCC_OPTIONS='-fdiagnostics-color=always' '-v' '-o' 'CMakeFiles/cmTC_ba8b3.dir/CMakeCCompilerABI.c.o' '-c' '-mtune=generic' '-march=x86-64']
  ignore line: [ as -v --64 -o CMakeFiles/cmTC_ba8b3.dir/CMakeCCompilerABI.c.o /tmp/ccprxNHM.s]
  ignore line: [GNU assembler version 2.27 (x86_64-redhat-linux) using BFD version version 2.27-44.base.el7_9.1]
  ignore line: [COMPILER_PATH=/apps/xalt/xalt/bin/:/apps/gnu/8.4.0/libexec/gcc/x86_64-pc-linux-gnu/8.4.0/:/apps/gnu/8.4.0/libexec/gcc/x86_64-pc-linux-gnu/8.4.0/:/apps/gnu/8.4.0/libexec/gcc/x86_64-pc-linux-gnu/:/apps/gnu/8.4.0/lib/gcc/x86_64-pc-linux-gnu/8.4.0/:/apps/gnu/8.4.0/lib/gcc/x86_64-pc-linux-gnu/]
  ignore line: [LIBRARY_PATH=/apps/gnu/8.4.0/lib/gcc/x86_64-pc-linux-gnu/8.4.0/:/apps/gnu/8.4.0/lib/gcc/x86_64-pc-linux-gnu/8.4.0/../../../../lib64/:/lib/../lib64/:/usr/lib/../lib64/:/opt/intel/19.0.5/compilers_and_libraries_2019/linux/lib/intel64_lin/:/opt/intel/19.0.5/compilers_and_libraries_2019/linux/daal/lib/intel64_lin/:/opt/intel/19.0.5/compilers_and_libraries_2019/linux/ipp/lib/intel64_lin/:/opt/intel/19.0.5/compilers_and_libraries_2019/linux/mkl/lib/intel64_lin/:/opt/intel/19.0.5/compilers_and_libraries_2019/linux/tbb/lib/intel64_lin/gcc4.4/:/apps/cuda/11.8.0/lib64/:/apps/gnu/8.4.0/lib/gcc/x86_64-pc-linux-gnu/8.4.0/../../../:/lib/:/usr/lib/]
  ignore line: [COLLECT_GCC_OPTIONS='-fdiagnostics-color=always' '-v' '-o' 'CMakeFiles/cmTC_ba8b3.dir/CMakeCCompilerABI.c.o' '-c' '-mtune=generic' '-march=x86-64']
  ignore line: [Linking C executable cmTC_ba8b3]
  ignore line: [/apps/cmake/3.25.2/bin/cmake -E cmake_link_script CMakeFiles/cmTC_ba8b3.dir/link.txt --verbose=1]
  ignore line: [/apps/gnu/8.4.0/bin/gcc  -v CMakeFiles/cmTC_ba8b3.dir/CMakeCCompilerABI.c.o -o cmTC_ba8b3 ]
  ignore line: [Using built-in specs.]
  ignore line: [COLLECT_GCC=/apps/gnu/8.4.0/bin/gcc]
  ignore line: [COLLECT_LTO_WRAPPER=/apps/gnu/8.4.0/libexec/gcc/x86_64-pc-linux-gnu/8.4.0/lto-wrapper]
  ignore line: [Target: x86_64-pc-linux-gnu]
  ignore line: [Configured with: /apps_src/gnu/8.4.0/src/configure --prefix=/apps/gnu/8.4.0]
  ignore line: [Thread model: posix]
  ignore line: [gcc version 8.4.0 (GCC) ]
  ignore line: [COMPILER_PATH=/apps/xalt/xalt/bin/:/apps/gnu/8.4.0/libexec/gcc/x86_64-pc-linux-gnu/8.4.0/:/apps/gnu/8.4.0/libexec/gcc/x86_64-pc-linux-gnu/8.4.0/:/apps/gnu/8.4.0/libexec/gcc/x86_64-pc-linux-gnu/:/apps/gnu/8.4.0/lib/gcc/x86_64-pc-linux-gnu/8.4.0/:/apps/gnu/8.4.0/lib/gcc/x86_64-pc-linux-gnu/]
  ignore line: [LIBRARY_PATH=/apps/gnu/8.4.0/lib/gcc/x86_64-pc-linux-gnu/8.4.0/:/apps/gnu/8.4.0/lib/gcc/x86_64-pc-linux-gnu/8.4.0/../../../../lib64/:/lib/../lib64/:/usr/lib/../lib64/:/opt/intel/19.0.5/compilers_and_libraries_2019/linux/lib/intel64_lin/:/opt/intel/19.0.5/compilers_and_libraries_2019/linux/daal/lib/intel64_lin/:/opt/intel/19.0.5/compilers_and_libraries_2019/linux/ipp/lib/intel64_lin/:/opt/intel/19.0.5/compilers_and_libraries_2019/linux/mkl/lib/intel64_lin/:/opt/intel/19.0.5/compilers_and_libraries_2019/linux/tbb/lib/intel64_lin/gcc4.4/:/apps/cuda/11.8.0/lib64/:/apps/gnu/8.4.0/lib/gcc/x86_64-pc-linux-gnu/8.4.0/../../../:/lib/:/usr/lib/]
  ignore line: [COLLECT_GCC_OPTIONS='-v' '-o' 'cmTC_ba8b3' '-mtune=generic' '-march=x86-64']
  link line: [ /apps/gnu/8.4.0/libexec/gcc/x86_64-pc-linux-gnu/8.4.0/collect2 -plugin /apps/gnu/8.4.0/libexec/gcc/x86_64-pc-linux-gnu/8.4.0/liblto_plugin.so -plugin-opt=/apps/gnu/8.4.0/libexec/gcc/x86_64-pc-linux-gnu/8.4.0/lto-wrapper -plugin-opt=-fresolution=/tmp/ccs2UYUQ.res -plugin-opt=-pass-through=-lgcc -plugin-opt=-pass-through=-lgcc_s -plugin-opt=-pass-through=-lc -plugin-opt=-pass-through=-lgcc -plugin-opt=-pass-through=-lgcc_s --eh-frame-hdr -m elf_x86_64 -dynamic-linker /lib64/ld-linux-x86-64.so.2 -o cmTC_ba8b3 /lib/../lib64/crt1.o /lib/../lib64/crti.o /apps/gnu/8.4.0/lib/gcc/x86_64-pc-linux-gnu/8.4.0/crtbegin.o -L/apps/gnu/8.4.0/lib/gcc/x86_64-pc-linux-gnu/8.4.0 -L/apps/gnu/8.4.0/lib/gcc/x86_64-pc-linux-gnu/8.4.0/../../../../lib64 -L/lib/../lib64 -L/usr/lib/../lib64 -L/opt/intel/19.0.5/compilers_and_libraries_2019/linux/lib/intel64_lin -L/opt/intel/19.0.5/compilers_and_libraries_2019/linux/daal/lib/intel64_lin -L/opt/intel/19.0.5/compilers_and_libraries_2019/linux/ipp/lib/intel64_lin -L/opt/intel/19.0.5/compilers_and_libraries_2019/linux/mkl/lib/intel64_lin -L/opt/intel/19.0.5/compilers_and_libraries_2019/linux/tbb/lib/intel64_lin/gcc4.4 -L/apps/cuda/11.8.0/lib64 -L/apps/gnu/8.4.0/lib/gcc/x86_64-pc-linux-gnu/8.4.0/../../.. CMakeFiles/cmTC_ba8b3.dir/CMakeCCompilerABI.c.o -lgcc --as-needed -lgcc_s --no-as-needed -lc -lgcc --as-needed -lgcc_s --no-as-needed /apps/gnu/8.4.0/lib/gcc/x86_64-pc-linux-gnu/8.4.0/crtend.o /lib/../lib64/crtn.o]
    arg [/apps/gnu/8.4.0/libexec/gcc/x86_64-pc-linux-gnu/8.4.0/collect2] ==> ignore
    arg [-plugin] ==> ignore
    arg [/apps/gnu/8.4.0/libexec/gcc/x86_64-pc-linux-gnu/8.4.0/liblto_plugin.so] ==> ignore
    arg [-plugin-opt=/apps/gnu/8.4.0/libexec/gcc/x86_64-pc-linux-gnu/8.4.0/lto-wrapper] ==> ignore
    arg [-plugin-opt=-fresolution=/tmp/ccs2UYUQ.res] ==> ignore
    arg [-plugin-opt=-pass-through=-lgcc] ==> ignore
    arg [-plugin-opt=-pass-through=-lgcc_s] ==> ignore
    arg [-plugin-opt=-pass-through=-lc] ==> ignore
    arg [-plugin-opt=-pass-through=-lgcc] ==> ignore
    arg [-plugin-opt=-pass-through=-lgcc_s] ==> ignore
    arg [--eh-frame-hdr] ==> ignore
    arg [-m] ==> ignore
    arg [elf_x86_64] ==> ignore
    arg [-dynamic-linker] ==> ignore
    arg [/lib64/ld-linux-x86-64.so.2] ==> ignore
    arg [-o] ==> ignore
    arg [cmTC_ba8b3] ==> ignore
    arg [/lib/../lib64/crt1.o] ==> obj [/lib/../lib64/crt1.o]
    arg [/lib/../lib64/crti.o] ==> obj [/lib/../lib64/crti.o]
    arg [/apps/gnu/8.4.0/lib/gcc/x86_64-pc-linux-gnu/8.4.0/crtbegin.o] ==> obj [/apps/gnu/8.4.0/lib/gcc/x86_64-pc-linux-gnu/8.4.0/crtbegin.o]
    arg [-L/apps/gnu/8.4.0/lib/gcc/x86_64-pc-linux-gnu/8.4.0] ==> dir [/apps/gnu/8.4.0/lib/gcc/x86_64-pc-linux-gnu/8.4.0]
    arg [-L/apps/gnu/8.4.0/lib/gcc/x86_64-pc-linux-gnu/8.4.0/../../../../lib64] ==> dir [/apps/gnu/8.4.0/lib/gcc/x86_64-pc-linux-gnu/8.4.0/../../../../lib64]
    arg [-L/lib/../lib64] ==> dir [/lib/../lib64]
    arg [-L/usr/lib/../lib64] ==> dir [/usr/lib/../lib64]
    arg [-L/opt/intel/19.0.5/compilers_and_libraries_2019/linux/lib/intel64_lin] ==> dir [/opt/intel/19.0.5/compilers_and_libraries_2019/linux/lib/intel64_lin]
    arg [-L/opt/intel/19.0.5/compilers_and_libraries_2019/linux/daal/lib/intel64_lin] ==> dir [/opt/intel/19.0.5/compilers_and_libraries_2019/linux/daal/lib/intel64_lin]
    arg [-L/opt/intel/19.0.5/compilers_and_libraries_2019/linux/ipp/lib/intel64_lin] ==> dir [/opt/intel/19.0.5/compilers_and_libraries_2019/linux/ipp/lib/intel64_lin]
    arg [-L/opt/intel/19.0.5/compilers_and_libraries_2019/linux/mkl/lib/intel64_lin] ==> dir [/opt/intel/19.0.5/compilers_and_libraries_2019/linux/mkl/lib/intel64_lin]
    arg [-L/opt/intel/19.0.5/compilers_and_libraries_2019/linux/tbb/lib/intel64_lin/gcc4.4] ==> dir [/opt/intel/19.0.5/compilers_and_libraries_2019/linux/tbb/lib/intel64_lin/gcc4.4]
    arg [-L/apps/cuda/11.8.0/lib64] ==> dir [/apps/cuda/11.8.0/lib64]
    arg [-L/apps/gnu/8.4.0/lib/gcc/x86_64-pc-linux-gnu/8.4.0/../../..] ==> dir [/apps/gnu/8.4.0/lib/gcc/x86_64-pc-linux-gnu/8.4.0/../../..]
    arg [CMakeFiles/cmTC_ba8b3.dir/CMakeCCompilerABI.c.o] ==> ignore
    arg [-lgcc] ==> lib [gcc]
    arg [--as-needed] ==> ignore
    arg [-lgcc_s] ==> lib [gcc_s]
    arg [--no-as-needed] ==> ignore
    arg [-lc] ==> lib [c]
    arg [-lgcc] ==> lib [gcc]
    arg [--as-needed] ==> ignore
    arg [-lgcc_s] ==> lib [gcc_s]
    arg [--no-as-needed] ==> ignore
    arg [/apps/gnu/8.4.0/lib/gcc/x86_64-pc-linux-gnu/8.4.0/crtend.o] ==> obj [/apps/gnu/8.4.0/lib/gcc/x86_64-pc-linux-gnu/8.4.0/crtend.o]
    arg [/lib/../lib64/crtn.o] ==> obj [/lib/../lib64/crtn.o]
  collapse obj [/lib/../lib64/crt1.o] ==> [/lib64/crt1.o]
  collapse obj [/lib/../lib64/crti.o] ==> [/lib64/crti.o]
  collapse obj [/lib/../lib64/crtn.o] ==> [/lib64/crtn.o]
  collapse library dir [/apps/gnu/8.4.0/lib/gcc/x86_64-pc-linux-gnu/8.4.0] ==> [/apps/gnu/8.4.0/lib/gcc/x86_64-pc-linux-gnu/8.4.0]
  collapse library dir [/apps/gnu/8.4.0/lib/gcc/x86_64-pc-linux-gnu/8.4.0/../../../../lib64] ==> [/apps/gnu/8.4.0/lib64]
  collapse library dir [/lib/../lib64] ==> [/lib64]
  collapse library dir [/usr/lib/../lib64] ==> [/usr/lib64]
  collapse library dir [/opt/intel/19.0.5/compilers_and_libraries_2019/linux/lib/intel64_lin] ==> [/opt/intel/19.0.5/compilers_and_libraries_2019/linux/lib/intel64_lin]
  collapse library dir [/opt/intel/19.0.5/compilers_and_libraries_2019/linux/daal/lib/intel64_lin] ==> [/opt/intel/19.0.5/compilers_and_libraries_2019/linux/daal/lib/intel64_lin]
  collapse library dir [/opt/intel/19.0.5/compilers_and_libraries_2019/linux/ipp/lib/intel64_lin] ==> [/opt/intel/19.0.5/compilers_and_libraries_2019/linux/ipp/lib/intel64_lin]
  collapse library dir [/opt/intel/19.0.5/compilers_and_libraries_2019/linux/mkl/lib/intel64_lin] ==> [/opt/intel/19.0.5/compilers_and_libraries_2019/linux/mkl/lib/intel64_lin]
  collapse library dir [/opt/intel/19.0.5/compilers_and_libraries_2019/linux/tbb/lib/intel64_lin/gcc4.4] ==> [/opt/intel/19.0.5/compilers_and_libraries_2019/linux/tbb/lib/intel64_lin/gcc4.4]
  collapse library dir [/apps/cuda/11.8.0/lib64] ==> [/apps/cuda/11.8.0/lib64]
  collapse library dir [/apps/gnu/8.4.0/lib/gcc/x86_64-pc-linux-gnu/8.4.0/../../..] ==> [/apps/gnu/8.4.0/lib]
  implicit libs: [gcc;gcc_s;c;gcc;gcc_s]
  implicit objs: [/lib64/crt1.o;/lib64/crti.o;/apps/gnu/8.4.0/lib/gcc/x86_64-pc-linux-gnu/8.4.0/crtbegin.o;/apps/gnu/8.4.0/lib/gcc/x86_64-pc-linux-gnu/8.4.0/crtend.o;/lib64/crtn.o]
  implicit dirs: [/apps/gnu/8.4.0/lib/gcc/x86_64-pc-linux-gnu/8.4.0;/apps/gnu/8.4.0/lib64;/lib64;/usr/lib64;/opt/intel/19.0.5/compilers_and_libraries_2019/linux/lib/intel64_lin;/opt/intel/19.0.5/compilers_and_libraries_2019/linux/daal/lib/intel64_lin;/opt/intel/19.0.5/compilers_and_libraries_2019/linux/ipp/lib/intel64_lin;/opt/intel/19.0.5/compilers_and_libraries_2019/linux/mkl/lib/intel64_lin;/opt/intel/19.0.5/compilers_and_libraries_2019/linux/tbb/lib/intel64_lin/gcc4.4;/apps/cuda/11.8.0/lib64;/apps/gnu/8.4.0/lib]
  implicit fwks: []


Detecting CXX compiler ABI info compiled with the following output:
Change Dir: /tmp/tmp.0GfJfjeB28/cmake-build-debug-pitzer02/CMakeFiles/CMakeScratch/TryCompile-JS5Idp

Run Build Command(s):/usr/bin/gmake -f Makefile cmTC_37f6b/fast && /usr/bin/gmake  -f CMakeFiles/cmTC_37f6b.dir/build.make CMakeFiles/cmTC_37f6b.dir/build
gmake[1]: Entering directory `/tmp/tmp.0GfJfjeB28/cmake-build-debug-pitzer02/CMakeFiles/CMakeScratch/TryCompile-JS5Idp'
Building CXX object CMakeFiles/cmTC_37f6b.dir/CMakeCXXCompilerABI.cpp.o
/apps/gnu/8.4.0/bin/g++   -fdiagnostics-color=always   -v -o CMakeFiles/cmTC_37f6b.dir/CMakeCXXCompilerABI.cpp.o -c /apps/cmake/3.25.2/share/cmake-3.25/Modules/CMakeCXXCompilerABI.cpp
Using built-in specs.
COLLECT_GCC=/apps/gnu/8.4.0/bin/g++
Target: x86_64-pc-linux-gnu
Configured with: /apps_src/gnu/8.4.0/src/configure --prefix=/apps/gnu/8.4.0
Thread model: posix
gcc version 8.4.0 (GCC) 
COLLECT_GCC_OPTIONS='-fdiagnostics-color=always' '-v' '-o' 'CMakeFiles/cmTC_37f6b.dir/CMakeCXXCompilerABI.cpp.o' '-c' '-shared-libgcc' '-mtune=generic' '-march=x86-64'
 /apps/gnu/8.4.0/libexec/gcc/x86_64-pc-linux-gnu/8.4.0/cc1plus -quiet -v -D_GNU_SOURCE /apps/cmake/3.25.2/share/cmake-3.25/Modules/CMakeCXXCompilerABI.cpp -quiet -dumpbase CMakeCXXCompilerABI.cpp -mtune=generic -march=x86-64 -auxbase-strip CMakeFiles/cmTC_37f6b.dir/CMakeCXXCompilerABI.cpp.o -version -fdiagnostics-color=always -o /tmp/cc2UGxvc.s
GNU C++14 (GCC) version 8.4.0 (x86_64-pc-linux-gnu)
	compiled by GNU C version 8.4.0, GMP version 6.1.0, MPFR version 3.1.4, MPC version 1.0.3, isl version isl-0.18-GMP

GGC heuristics: --param ggc-min-expand=100 --param ggc-min-heapsize=131072
ignoring nonexistent directory "/apps/gnu/8.4.0/lib/gcc/x86_64-pc-linux-gnu/8.4.0/../../../../x86_64-pc-linux-gnu/include"
#include "..." search starts here:
#include <...> search starts here:
 /apps/cuda/11.8.0/include
 /opt/intel/19.0.5/compilers_and_libraries_2019/linux/mkl/include
 /opt/intel/19.0.5/compilers_and_libraries_2019/linux/tbb/include
 /apps/gnu/8.4.0/lib/gcc/x86_64-pc-linux-gnu/8.4.0/../../../../include/c++/8.4.0
 /apps/gnu/8.4.0/lib/gcc/x86_64-pc-linux-gnu/8.4.0/../../../../include/c++/8.4.0/x86_64-pc-linux-gnu
 /apps/gnu/8.4.0/lib/gcc/x86_64-pc-linux-gnu/8.4.0/../../../../include/c++/8.4.0/backward
 /apps/gnu/8.4.0/lib/gcc/x86_64-pc-linux-gnu/8.4.0/include
 /usr/local/include
 /apps/gnu/8.4.0/include
 /apps/gnu/8.4.0/lib/gcc/x86_64-pc-linux-gnu/8.4.0/include-fixed
 /usr/include
End of search list.
GNU C++14 (GCC) version 8.4.0 (x86_64-pc-linux-gnu)
	compiled by GNU C version 8.4.0, GMP version 6.1.0, MPFR version 3.1.4, MPC version 1.0.3, isl version isl-0.18-GMP

GGC heuristics: --param ggc-min-expand=100 --param ggc-min-heapsize=131072
Compiler executable checksum: 0964da888e98d70c0fad22a852d01eae
COLLECT_GCC_OPTIONS='-fdiagnostics-color=always' '-v' '-o' 'CMakeFiles/cmTC_37f6b.dir/CMakeCXXCompilerABI.cpp.o' '-c' '-shared-libgcc' '-mtune=generic' '-march=x86-64'
 as -v --64 -o CMakeFiles/cmTC_37f6b.dir/CMakeCXXCompilerABI.cpp.o /tmp/cc2UGxvc.s
GNU assembler version 2.27 (x86_64-redhat-linux) using BFD version version 2.27-44.base.el7_9.1
COMPILER_PATH=/apps/xalt/xalt/bin/:/apps/gnu/8.4.0/libexec/gcc/x86_64-pc-linux-gnu/8.4.0/:/apps/gnu/8.4.0/libexec/gcc/x86_64-pc-linux-gnu/8.4.0/:/apps/gnu/8.4.0/libexec/gcc/x86_64-pc-linux-gnu/:/apps/gnu/8.4.0/lib/gcc/x86_64-pc-linux-gnu/8.4.0/:/apps/gnu/8.4.0/lib/gcc/x86_64-pc-linux-gnu/
LIBRARY_PATH=/apps/gnu/8.4.0/lib/gcc/x86_64-pc-linux-gnu/8.4.0/:/apps/gnu/8.4.0/lib/gcc/x86_64-pc-linux-gnu/8.4.0/../../../../lib64/:/lib/../lib64/:/usr/lib/../lib64/:/opt/intel/19.0.5/compilers_and_libraries_2019/linux/lib/intel64_lin/:/opt/intel/19.0.5/compilers_and_libraries_2019/linux/daal/lib/intel64_lin/:/opt/intel/19.0.5/compilers_and_libraries_2019/linux/ipp/lib/intel64_lin/:/opt/intel/19.0.5/compilers_and_libraries_2019/linux/mkl/lib/intel64_lin/:/opt/intel/19.0.5/compilers_and_libraries_2019/linux/tbb/lib/intel64_lin/gcc4.4/:/apps/cuda/11.8.0/lib64/:/apps/gnu/8.4.0/lib/gcc/x86_64-pc-linux-gnu/8.4.0/../../../:/lib/:/usr/lib/
COLLECT_GCC_OPTIONS='-fdiagnostics-color=always' '-v' '-o' 'CMakeFiles/cmTC_37f6b.dir/CMakeCXXCompilerABI.cpp.o' '-c' '-shared-libgcc' '-mtune=generic' '-march=x86-64'
Linking CXX executable cmTC_37f6b
/apps/cmake/3.25.2/bin/cmake -E cmake_link_script CMakeFiles/cmTC_37f6b.dir/link.txt --verbose=1
/apps/gnu/8.4.0/bin/g++  -v CMakeFiles/cmTC_37f6b.dir/CMakeCXXCompilerABI.cpp.o -o cmTC_37f6b 
Using built-in specs.
COLLECT_GCC=/apps/gnu/8.4.0/bin/g++
COLLECT_LTO_WRAPPER=/apps/gnu/8.4.0/libexec/gcc/x86_64-pc-linux-gnu/8.4.0/lto-wrapper
Target: x86_64-pc-linux-gnu
Configured with: /apps_src/gnu/8.4.0/src/configure --prefix=/apps/gnu/8.4.0
Thread model: posix
gcc version 8.4.0 (GCC) 
COMPILER_PATH=/apps/xalt/xalt/bin/:/apps/gnu/8.4.0/libexec/gcc/x86_64-pc-linux-gnu/8.4.0/:/apps/gnu/8.4.0/libexec/gcc/x86_64-pc-linux-gnu/8.4.0/:/apps/gnu/8.4.0/libexec/gcc/x86_64-pc-linux-gnu/:/apps/gnu/8.4.0/lib/gcc/x86_64-pc-linux-gnu/8.4.0/:/apps/gnu/8.4.0/lib/gcc/x86_64-pc-linux-gnu/
LIBRARY_PATH=/apps/gnu/8.4.0/lib/gcc/x86_64-pc-linux-gnu/8.4.0/:/apps/gnu/8.4.0/lib/gcc/x86_64-pc-linux-gnu/8.4.0/../../../../lib64/:/lib/../lib64/:/usr/lib/../lib64/:/opt/intel/19.0.5/compilers_and_libraries_2019/linux/lib/intel64_lin/:/opt/intel/19.0.5/compilers_and_libraries_2019/linux/daal/lib/intel64_lin/:/opt/intel/19.0.5/compilers_and_libraries_2019/linux/ipp/lib/intel64_lin/:/opt/intel/19.0.5/compilers_and_libraries_2019/linux/mkl/lib/intel64_lin/:/opt/intel/19.0.5/compilers_and_libraries_2019/linux/tbb/lib/intel64_lin/gcc4.4/:/apps/cuda/11.8.0/lib64/:/apps/gnu/8.4.0/lib/gcc/x86_64-pc-linux-gnu/8.4.0/../../../:/lib/:/usr/lib/
COLLECT_GCC_OPTIONS='-v' '-o' 'cmTC_37f6b' '-shared-libgcc' '-mtune=generic' '-march=x86-64'
 /apps/gnu/8.4.0/libexec/gcc/x86_64-pc-linux-gnu/8.4.0/collect2 -plugin /apps/gnu/8.4.0/libexec/gcc/x86_64-pc-linux-gnu/8.4.0/liblto_plugin.so -plugin-opt=/apps/gnu/8.4.0/libexec/gcc/x86_64-pc-linux-gnu/8.4.0/lto-wrapper -plugin-opt=-fresolution=/tmp/ccPxvtyk.res -plugin-opt=-pass-through=-lgcc_s -plugin-opt=-pass-through=-lgcc -plugin-opt=-pass-through=-lc -plugin-opt=-pass-through=-lgcc_s -plugin-opt=-pass-through=-lgcc --eh-frame-hdr -m elf_x86_64 -dynamic-linker /lib64/ld-linux-x86-64.so.2 -o cmTC_37f6b /lib/../lib64/crt1.o /lib/../lib64/crti.o /apps/gnu/8.4.0/lib/gcc/x86_64-pc-linux-gnu/8.4.0/crtbegin.o -L/apps/gnu/8.4.0/lib/gcc/x86_64-pc-linux-gnu/8.4.0 -L/apps/gnu/8.4.0/lib/gcc/x86_64-pc-linux-gnu/8.4.0/../../../../lib64 -L/lib/../lib64 -L/usr/lib/../lib64 -L/opt/intel/19.0.5/compilers_and_libraries_2019/linux/lib/intel64_lin -L/opt/intel/19.0.5/compilers_and_libraries_2019/linux/daal/lib/intel64_lin -L/opt/intel/19.0.5/compilers_and_libraries_2019/linux/ipp/lib/intel64_lin -L/opt/intel/19.0.5/compilers_and_libraries_2019/linux/mkl/lib/intel64_lin -L/opt/intel/19.0.5/compilers_and_libraries_2019/linux/tbb/lib/intel64_lin/gcc4.4 -L/apps/cuda/11.8.0/lib64 -L/apps/gnu/8.4.0/lib/gcc/x86_64-pc-linux-gnu/8.4.0/../../.. CMakeFiles/cmTC_37f6b.dir/CMakeCXXCompilerABI.cpp.o -lstdc++ -lm -lgcc_s -lgcc -lc -lgcc_s -lgcc /apps/gnu/8.4.0/lib/gcc/x86_64-pc-linux-gnu/8.4.0/crtend.o /lib/../lib64/crtn.o
COLLECT_GCC_OPTIONS='-v' '-o' 'cmTC_37f6b' '-shared-libgcc' '-mtune=generic' '-march=x86-64'
gmake[1]: Leaving directory `/tmp/tmp.0GfJfjeB28/cmake-build-debug-pitzer02/CMakeFiles/CMakeScratch/TryCompile-JS5Idp'



Parsed CXX implicit include dir info from above output: rv=done
  found start of include info
  found start of implicit include info
    add: [/apps/cuda/11.8.0/include]
    add: [/opt/intel/19.0.5/compilers_and_libraries_2019/linux/mkl/include]
    add: [/opt/intel/19.0.5/compilers_and_libraries_2019/linux/tbb/include]
    add: [/apps/gnu/8.4.0/lib/gcc/x86_64-pc-linux-gnu/8.4.0/../../../../include/c++/8.4.0]
    add: [/apps/gnu/8.4.0/lib/gcc/x86_64-pc-linux-gnu/8.4.0/../../../../include/c++/8.4.0/x86_64-pc-linux-gnu]
    add: [/apps/gnu/8.4.0/lib/gcc/x86_64-pc-linux-gnu/8.4.0/../../../../include/c++/8.4.0/backward]
    add: [/apps/gnu/8.4.0/lib/gcc/x86_64-pc-linux-gnu/8.4.0/include]
    add: [/usr/local/include]
    add: [/apps/gnu/8.4.0/include]
    add: [/apps/gnu/8.4.0/lib/gcc/x86_64-pc-linux-gnu/8.4.0/include-fixed]
    add: [/usr/include]
  end of search list found
  collapse include dir [/apps/cuda/11.8.0/include] ==> [/apps/cuda/11.8.0/include]
  collapse include dir [/opt/intel/19.0.5/compilers_and_libraries_2019/linux/mkl/include] ==> [/opt/intel/19.0.5/compilers_and_libraries_2019/linux/mkl/include]
  collapse include dir [/opt/intel/19.0.5/compilers_and_libraries_2019/linux/tbb/include] ==> [/opt/intel/19.0.5/compilers_and_libraries_2019/linux/tbb/include]
  collapse include dir [/apps/gnu/8.4.0/lib/gcc/x86_64-pc-linux-gnu/8.4.0/../../../../include/c++/8.4.0] ==> [/apps/gnu/8.4.0/include/c++/8.4.0]
  collapse include dir [/apps/gnu/8.4.0/lib/gcc/x86_64-pc-linux-gnu/8.4.0/../../../../include/c++/8.4.0/x86_64-pc-linux-gnu] ==> [/apps/gnu/8.4.0/include/c++/8.4.0/x86_64-pc-linux-gnu]
  collapse include dir [/apps/gnu/8.4.0/lib/gcc/x86_64-pc-linux-gnu/8.4.0/../../../../include/c++/8.4.0/backward] ==> [/apps/gnu/8.4.0/include/c++/8.4.0/backward]
  collapse include dir [/apps/gnu/8.4.0/lib/gcc/x86_64-pc-linux-gnu/8.4.0/include] ==> [/apps/gnu/8.4.0/lib/gcc/x86_64-pc-linux-gnu/8.4.0/include]
  collapse include dir [/usr/local/include] ==> [/usr/local/include]
  collapse include dir [/apps/gnu/8.4.0/include] ==> [/apps/gnu/8.4.0/include]
  collapse include dir [/apps/gnu/8.4.0/lib/gcc/x86_64-pc-linux-gnu/8.4.0/include-fixed] ==> [/apps/gnu/8.4.0/lib/gcc/x86_64-pc-linux-gnu/8.4.0/include-fixed]
  collapse include dir [/usr/include] ==> [/usr/include]
  implicit include dirs: [/apps/cuda/11.8.0/include;/opt/intel/19.0.5/compilers_and_libraries_2019/linux/mkl/include;/opt/intel/19.0.5/compilers_and_libraries_2019/linux/tbb/include;/apps/gnu/8.4.0/include/c++/8.4.0;/apps/gnu/8.4.0/include/c++/8.4.0/x86_64-pc-linux-gnu;/apps/gnu/8.4.0/include/c++/8.4.0/backward;/apps/gnu/8.4.0/lib/gcc/x86_64-pc-linux-gnu/8.4.0/include;/usr/local/include;/apps/gnu/8.4.0/include;/apps/gnu/8.4.0/lib/gcc/x86_64-pc-linux-gnu/8.4.0/include-fixed;/usr/include]


Parsed CXX implicit link information from above output:
  link line regex: [^( *|.*[/\])(ld|CMAKE_LINK_STARTFILE-NOTFOUND|([^/\]+-)?ld|collect2)[^/\]*( |$)]
  ignore line: [Change Dir: /tmp/tmp.0GfJfjeB28/cmake-build-debug-pitzer02/CMakeFiles/CMakeScratch/TryCompile-JS5Idp]
  ignore line: []
  ignore line: [Run Build Command(s):/usr/bin/gmake -f Makefile cmTC_37f6b/fast && /usr/bin/gmake  -f CMakeFiles/cmTC_37f6b.dir/build.make CMakeFiles/cmTC_37f6b.dir/build]
  ignore line: [gmake[1]: Entering directory `/tmp/tmp.0GfJfjeB28/cmake-build-debug-pitzer02/CMakeFiles/CMakeScratch/TryCompile-JS5Idp']
  ignore line: [Building CXX object CMakeFiles/cmTC_37f6b.dir/CMakeCXXCompilerABI.cpp.o]
  ignore line: [/apps/gnu/8.4.0/bin/g++   -fdiagnostics-color=always   -v -o CMakeFiles/cmTC_37f6b.dir/CMakeCXXCompilerABI.cpp.o -c /apps/cmake/3.25.2/share/cmake-3.25/Modules/CMakeCXXCompilerABI.cpp]
  ignore line: [Using built-in specs.]
  ignore line: [COLLECT_GCC=/apps/gnu/8.4.0/bin/g++]
  ignore line: [Target: x86_64-pc-linux-gnu]
  ignore line: [Configured with: /apps_src/gnu/8.4.0/src/configure --prefix=/apps/gnu/8.4.0]
  ignore line: [Thread model: posix]
  ignore line: [gcc version 8.4.0 (GCC) ]
  ignore line: [COLLECT_GCC_OPTIONS='-fdiagnostics-color=always' '-v' '-o' 'CMakeFiles/cmTC_37f6b.dir/CMakeCXXCompilerABI.cpp.o' '-c' '-shared-libgcc' '-mtune=generic' '-march=x86-64']
  ignore line: [ /apps/gnu/8.4.0/libexec/gcc/x86_64-pc-linux-gnu/8.4.0/cc1plus -quiet -v -D_GNU_SOURCE /apps/cmake/3.25.2/share/cmake-3.25/Modules/CMakeCXXCompilerABI.cpp -quiet -dumpbase CMakeCXXCompilerABI.cpp -mtune=generic -march=x86-64 -auxbase-strip CMakeFiles/cmTC_37f6b.dir/CMakeCXXCompilerABI.cpp.o -version -fdiagnostics-color=always -o /tmp/cc2UGxvc.s]
  ignore line: [GNU C++14 (GCC) version 8.4.0 (x86_64-pc-linux-gnu)]
  ignore line: [	compiled by GNU C version 8.4.0  GMP version 6.1.0  MPFR version 3.1.4  MPC version 1.0.3  isl version isl-0.18-GMP]
  ignore line: []
  ignore line: [GGC heuristics: --param ggc-min-expand=100 --param ggc-min-heapsize=131072]
  ignore line: [ignoring nonexistent directory "/apps/gnu/8.4.0/lib/gcc/x86_64-pc-linux-gnu/8.4.0/../../../../x86_64-pc-linux-gnu/include"]
  ignore line: [#include "..." search starts here:]
  ignore line: [#include <...> search starts here:]
  ignore line: [ /apps/cuda/11.8.0/include]
  ignore line: [ /opt/intel/19.0.5/compilers_and_libraries_2019/linux/mkl/include]
  ignore line: [ /opt/intel/19.0.5/compilers_and_libraries_2019/linux/tbb/include]
  ignore line: [ /apps/gnu/8.4.0/lib/gcc/x86_64-pc-linux-gnu/8.4.0/../../../../include/c++/8.4.0]
  ignore line: [ /apps/gnu/8.4.0/lib/gcc/x86_64-pc-linux-gnu/8.4.0/../../../../include/c++/8.4.0/x86_64-pc-linux-gnu]
  ignore line: [ /apps/gnu/8.4.0/lib/gcc/x86_64-pc-linux-gnu/8.4.0/../../../../include/c++/8.4.0/backward]
  ignore line: [ /apps/gnu/8.4.0/lib/gcc/x86_64-pc-linux-gnu/8.4.0/include]
  ignore line: [ /usr/local/include]
  ignore line: [ /apps/gnu/8.4.0/include]
  ignore line: [ /apps/gnu/8.4.0/lib/gcc/x86_64-pc-linux-gnu/8.4.0/include-fixed]
  ignore line: [ /usr/include]
  ignore line: [End of search list.]
  ignore line: [GNU C++14 (GCC) version 8.4.0 (x86_64-pc-linux-gnu)]
  ignore line: [	compiled by GNU C version 8.4.0  GMP version 6.1.0  MPFR version 3.1.4  MPC version 1.0.3  isl version isl-0.18-GMP]
  ignore line: []
  ignore line: [GGC heuristics: --param ggc-min-expand=100 --param ggc-min-heapsize=131072]
  ignore line: [Compiler executable checksum: 0964da888e98d70c0fad22a852d01eae]
  ignore line: [COLLECT_GCC_OPTIONS='-fdiagnostics-color=always' '-v' '-o' 'CMakeFiles/cmTC_37f6b.dir/CMakeCXXCompilerABI.cpp.o' '-c' '-shared-libgcc' '-mtune=generic' '-march=x86-64']
  ignore line: [ as -v --64 -o CMakeFiles/cmTC_37f6b.dir/CMakeCXXCompilerABI.cpp.o /tmp/cc2UGxvc.s]
  ignore line: [GNU assembler version 2.27 (x86_64-redhat-linux) using BFD version version 2.27-44.base.el7_9.1]
  ignore line: [COMPILER_PATH=/apps/xalt/xalt/bin/:/apps/gnu/8.4.0/libexec/gcc/x86_64-pc-linux-gnu/8.4.0/:/apps/gnu/8.4.0/libexec/gcc/x86_64-pc-linux-gnu/8.4.0/:/apps/gnu/8.4.0/libexec/gcc/x86_64-pc-linux-gnu/:/apps/gnu/8.4.0/lib/gcc/x86_64-pc-linux-gnu/8.4.0/:/apps/gnu/8.4.0/lib/gcc/x86_64-pc-linux-gnu/]
  ignore line: [LIBRARY_PATH=/apps/gnu/8.4.0/lib/gcc/x86_64-pc-linux-gnu/8.4.0/:/apps/gnu/8.4.0/lib/gcc/x86_64-pc-linux-gnu/8.4.0/../../../../lib64/:/lib/../lib64/:/usr/lib/../lib64/:/opt/intel/19.0.5/compilers_and_libraries_2019/linux/lib/intel64_lin/:/opt/intel/19.0.5/compilers_and_libraries_2019/linux/daal/lib/intel64_lin/:/opt/intel/19.0.5/compilers_and_libraries_2019/linux/ipp/lib/intel64_lin/:/opt/intel/19.0.5/compilers_and_libraries_2019/linux/mkl/lib/intel64_lin/:/opt/intel/19.0.5/compilers_and_libraries_2019/linux/tbb/lib/intel64_lin/gcc4.4/:/apps/cuda/11.8.0/lib64/:/apps/gnu/8.4.0/lib/gcc/x86_64-pc-linux-gnu/8.4.0/../../../:/lib/:/usr/lib/]
  ignore line: [COLLECT_GCC_OPTIONS='-fdiagnostics-color=always' '-v' '-o' 'CMakeFiles/cmTC_37f6b.dir/CMakeCXXCompilerABI.cpp.o' '-c' '-shared-libgcc' '-mtune=generic' '-march=x86-64']
  ignore line: [Linking CXX executable cmTC_37f6b]
  ignore line: [/apps/cmake/3.25.2/bin/cmake -E cmake_link_script CMakeFiles/cmTC_37f6b.dir/link.txt --verbose=1]
  ignore line: [/apps/gnu/8.4.0/bin/g++  -v CMakeFiles/cmTC_37f6b.dir/CMakeCXXCompilerABI.cpp.o -o cmTC_37f6b ]
  ignore line: [Using built-in specs.]
  ignore line: [COLLECT_GCC=/apps/gnu/8.4.0/bin/g++]
  ignore line: [COLLECT_LTO_WRAPPER=/apps/gnu/8.4.0/libexec/gcc/x86_64-pc-linux-gnu/8.4.0/lto-wrapper]
  ignore line: [Target: x86_64-pc-linux-gnu]
  ignore line: [Configured with: /apps_src/gnu/8.4.0/src/configure --prefix=/apps/gnu/8.4.0]
  ignore line: [Thread model: posix]
  ignore line: [gcc version 8.4.0 (GCC) ]
  ignore line: [COMPILER_PATH=/apps/xalt/xalt/bin/:/apps/gnu/8.4.0/libexec/gcc/x86_64-pc-linux-gnu/8.4.0/:/apps/gnu/8.4.0/libexec/gcc/x86_64-pc-linux-gnu/8.4.0/:/apps/gnu/8.4.0/libexec/gcc/x86_64-pc-linux-gnu/:/apps/gnu/8.4.0/lib/gcc/x86_64-pc-linux-gnu/8.4.0/:/apps/gnu/8.4.0/lib/gcc/x86_64-pc-linux-gnu/]
  ignore line: [LIBRARY_PATH=/apps/gnu/8.4.0/lib/gcc/x86_64-pc-linux-gnu/8.4.0/:/apps/gnu/8.4.0/lib/gcc/x86_64-pc-linux-gnu/8.4.0/../../../../lib64/:/lib/../lib64/:/usr/lib/../lib64/:/opt/intel/19.0.5/compilers_and_libraries_2019/linux/lib/intel64_lin/:/opt/intel/19.0.5/compilers_and_libraries_2019/linux/daal/lib/intel64_lin/:/opt/intel/19.0.5/compilers_and_libraries_2019/linux/ipp/lib/intel64_lin/:/opt/intel/19.0.5/compilers_and_libraries_2019/linux/mkl/lib/intel64_lin/:/opt/intel/19.0.5/compilers_and_libraries_2019/linux/tbb/lib/intel64_lin/gcc4.4/:/apps/cuda/11.8.0/lib64/:/apps/gnu/8.4.0/lib/gcc/x86_64-pc-linux-gnu/8.4.0/../../../:/lib/:/usr/lib/]
  ignore line: [COLLECT_GCC_OPTIONS='-v' '-o' 'cmTC_37f6b' '-shared-libgcc' '-mtune=generic' '-march=x86-64']
  link line: [ /apps/gnu/8.4.0/libexec/gcc/x86_64-pc-linux-gnu/8.4.0/collect2 -plugin /apps/gnu/8.4.0/libexec/gcc/x86_64-pc-linux-gnu/8.4.0/liblto_plugin.so -plugin-opt=/apps/gnu/8.4.0/libexec/gcc/x86_64-pc-linux-gnu/8.4.0/lto-wrapper -plugin-opt=-fresolution=/tmp/ccPxvtyk.res -plugin-opt=-pass-through=-lgcc_s -plugin-opt=-pass-through=-lgcc -plugin-opt=-pass-through=-lc -plugin-opt=-pass-through=-lgcc_s -plugin-opt=-pass-through=-lgcc --eh-frame-hdr -m elf_x86_64 -dynamic-linker /lib64/ld-linux-x86-64.so.2 -o cmTC_37f6b /lib/../lib64/crt1.o /lib/../lib64/crti.o /apps/gnu/8.4.0/lib/gcc/x86_64-pc-linux-gnu/8.4.0/crtbegin.o -L/apps/gnu/8.4.0/lib/gcc/x86_64-pc-linux-gnu/8.4.0 -L/apps/gnu/8.4.0/lib/gcc/x86_64-pc-linux-gnu/8.4.0/../../../../lib64 -L/lib/../lib64 -L/usr/lib/../lib64 -L/opt/intel/19.0.5/compilers_and_libraries_2019/linux/lib/intel64_lin -L/opt/intel/19.0.5/compilers_and_libraries_2019/linux/daal/lib/intel64_lin -L/opt/intel/19.0.5/compilers_and_libraries_2019/linux/ipp/lib/intel64_lin -L/opt/intel/19.0.5/compilers_and_libraries_2019/linux/mkl/lib/intel64_lin -L/opt/intel/19.0.5/compilers_and_libraries_2019/linux/tbb/lib/intel64_lin/gcc4.4 -L/apps/cuda/11.8.0/lib64 -L/apps/gnu/8.4.0/lib/gcc/x86_64-pc-linux-gnu/8.4.0/../../.. CMakeFiles/cmTC_37f6b.dir/CMakeCXXCompilerABI.cpp.o -lstdc++ -lm -lgcc_s -lgcc -lc -lgcc_s -lgcc /apps/gnu/8.4.0/lib/gcc/x86_64-pc-linux-gnu/8.4.0/crtend.o /lib/../lib64/crtn.o]
    arg [/apps/gnu/8.4.0/libexec/gcc/x86_64-pc-linux-gnu/8.4.0/collect2] ==> ignore
    arg [-plugin] ==> ignore
    arg [/apps/gnu/8.4.0/libexec/gcc/x86_64-pc-linux-gnu/8.4.0/liblto_plugin.so] ==> ignore
    arg [-plugin-opt=/apps/gnu/8.4.0/libexec/gcc/x86_64-pc-linux-gnu/8.4.0/lto-wrapper] ==> ignore
    arg [-plugin-opt=-fresolution=/tmp/ccPxvtyk.res] ==> ignore
    arg [-plugin-opt=-pass-through=-lgcc_s] ==> ignore
    arg [-plugin-opt=-pass-through=-lgcc] ==> ignore
    arg [-plugin-opt=-pass-through=-lc] ==> ignore
    arg [-plugin-opt=-pass-through=-lgcc_s] ==> ignore
    arg [-plugin-opt=-pass-through=-lgcc] ==> ignore
    arg [--eh-frame-hdr] ==> ignore
    arg [-m] ==> ignore
    arg [elf_x86_64] ==> ignore
    arg [-dynamic-linker] ==> ignore
    arg [/lib64/ld-linux-x86-64.so.2] ==> ignore
    arg [-o] ==> ignore
    arg [cmTC_37f6b] ==> ignore
    arg [/lib/../lib64/crt1.o] ==> obj [/lib/../lib64/crt1.o]
    arg [/lib/../lib64/crti.o] ==> obj [/lib/../lib64/crti.o]
    arg [/apps/gnu/8.4.0/lib/gcc/x86_64-pc-linux-gnu/8.4.0/crtbegin.o] ==> obj [/apps/gnu/8.4.0/lib/gcc/x86_64-pc-linux-gnu/8.4.0/crtbegin.o]
    arg [-L/apps/gnu/8.4.0/lib/gcc/x86_64-pc-linux-gnu/8.4.0] ==> dir [/apps/gnu/8.4.0/lib/gcc/x86_64-pc-linux-gnu/8.4.0]
    arg [-L/apps/gnu/8.4.0/lib/gcc/x86_64-pc-linux-gnu/8.4.0/../../../../lib64] ==> dir [/apps/gnu/8.4.0/lib/gcc/x86_64-pc-linux-gnu/8.4.0/../../../../lib64]
    arg [-L/lib/../lib64] ==> dir [/lib/../lib64]
    arg [-L/usr/lib/../lib64] ==> dir [/usr/lib/../lib64]
    arg [-L/opt/intel/19.0.5/compilers_and_libraries_2019/linux/lib/intel64_lin] ==> dir [/opt/intel/19.0.5/compilers_and_libraries_2019/linux/lib/intel64_lin]
    arg [-L/opt/intel/19.0.5/compilers_and_libraries_2019/linux/daal/lib/intel64_lin] ==> dir [/opt/intel/19.0.5/compilers_and_libraries_2019/linux/daal/lib/intel64_lin]
    arg [-L/opt/intel/19.0.5/compilers_and_libraries_2019/linux/ipp/lib/intel64_lin] ==> dir [/opt/intel/19.0.5/compilers_and_libraries_2019/linux/ipp/lib/intel64_lin]
    arg [-L/opt/intel/19.0.5/compilers_and_libraries_2019/linux/mkl/lib/intel64_lin] ==> dir [/opt/intel/19.0.5/compilers_and_libraries_2019/linux/mkl/lib/intel64_lin]
    arg [-L/opt/intel/19.0.5/compilers_and_libraries_2019/linux/tbb/lib/intel64_lin/gcc4.4] ==> dir [/opt/intel/19.0.5/compilers_and_libraries_2019/linux/tbb/lib/intel64_lin/gcc4.4]
    arg [-L/apps/cuda/11.8.0/lib64] ==> dir [/apps/cuda/11.8.0/lib64]
    arg [-L/apps/gnu/8.4.0/lib/gcc/x86_64-pc-linux-gnu/8.4.0/../../..] ==> dir [/apps/gnu/8.4.0/lib/gcc/x86_64-pc-linux-gnu/8.4.0/../../..]
    arg [CMakeFiles/cmTC_37f6b.dir/CMakeCXXCompilerABI.cpp.o] ==> ignore
    arg [-lstdc++] ==> lib [stdc++]
    arg [-lm] ==> lib [m]
    arg [-lgcc_s] ==> lib [gcc_s]
    arg [-lgcc] ==> lib [gcc]
    arg [-lc] ==> lib [c]
    arg [-lgcc_s] ==> lib [gcc_s]
    arg [-lgcc] ==> lib [gcc]
    arg [/apps/gnu/8.4.0/lib/gcc/x86_64-pc-linux-gnu/8.4.0/crtend.o] ==> obj [/apps/gnu/8.4.0/lib/gcc/x86_64-pc-linux-gnu/8.4.0/crtend.o]
    arg [/lib/../lib64/crtn.o] ==> obj [/lib/../lib64/crtn.o]
  collapse obj [/lib/../lib64/crt1.o] ==> [/lib64/crt1.o]
  collapse obj [/lib/../lib64/crti.o] ==> [/lib64/crti.o]
  collapse obj [/lib/../lib64/crtn.o] ==> [/lib64/crtn.o]
  collapse library dir [/apps/gnu/8.4.0/lib/gcc/x86_64-pc-linux-gnu/8.4.0] ==> [/apps/gnu/8.4.0/lib/gcc/x86_64-pc-linux-gnu/8.4.0]
  collapse library dir [/apps/gnu/8.4.0/lib/gcc/x86_64-pc-linux-gnu/8.4.0/../../../../lib64] ==> [/apps/gnu/8.4.0/lib64]
  collapse library dir [/lib/../lib64] ==> [/lib64]
  collapse library dir [/usr/lib/../lib64] ==> [/usr/lib64]
  collapse library dir [/opt/intel/19.0.5/compilers_and_libraries_2019/linux/lib/intel64_lin] ==> [/opt/intel/19.0.5/compilers_and_libraries_2019/linux/lib/intel64_lin]
  collapse library dir [/opt/intel/19.0.5/compilers_and_libraries_2019/linux/daal/lib/intel64_lin] ==> [/opt/intel/19.0.5/compilers_and_libraries_2019/linux/daal/lib/intel64_lin]
  collapse library dir [/opt/intel/19.0.5/compilers_and_libraries_2019/linux/ipp/lib/intel64_lin] ==> [/opt/intel/19.0.5/compilers_and_libraries_2019/linux/ipp/lib/intel64_lin]
  collapse library dir [/opt/intel/19.0.5/compilers_and_libraries_2019/linux/mkl/lib/intel64_lin] ==> [/opt/intel/19.0.5/compilers_and_libraries_2019/linux/mkl/lib/intel64_lin]
  collapse library dir [/opt/intel/19.0.5/compilers_and_libraries_2019/linux/tbb/lib/intel64_lin/gcc4.4] ==> [/opt/intel/19.0.5/compilers_and_libraries_2019/linux/tbb/lib/intel64_lin/gcc4.4]
  collapse library dir [/apps/cuda/11.8.0/lib64] ==> [/apps/cuda/11.8.0/lib64]
  collapse library dir [/apps/gnu/8.4.0/lib/gcc/x86_64-pc-linux-gnu/8.4.0/../../..] ==> [/apps/gnu/8.4.0/lib]
  implicit libs: [stdc++;m;gcc_s;gcc;c;gcc_s;gcc]
  implicit objs: [/lib64/crt1.o;/lib64/crti.o;/apps/gnu/8.4.0/lib/gcc/x86_64-pc-linux-gnu/8.4.0/crtbegin.o;/apps/gnu/8.4.0/lib/gcc/x86_64-pc-linux-gnu/8.4.0/crtend.o;/lib64/crtn.o]
  implicit dirs: [/apps/gnu/8.4.0/lib/gcc/x86_64-pc-linux-gnu/8.4.0;/apps/gnu/8.4.0/lib64;/lib64;/usr/lib64;/opt/intel/19.0.5/compilers_and_libraries_2019/linux/lib/intel64_lin;/opt/intel/19.0.5/compilers_and_libraries_2019/linux/daal/lib/intel64_lin;/opt/intel/19.0.5/compilers_and_libraries_2019/linux/ipp/lib/intel64_lin;/opt/intel/19.0.5/compilers_and_libraries_2019/linux/mkl/lib/intel64_lin;/opt/intel/19.0.5/compilers_and_libraries_2019/linux/tbb/lib/intel64_lin/gcc4.4;/apps/cuda/11.8.0/lib64;/apps/gnu/8.4.0/lib]
  implicit fwks: []


